# JRE version: OpenJDK Runtime Environment (17.0+35) (build 17+35-2724)
# Java VM: OpenJDK 64-Bit Server VM (17+35-2724, mixed mode, sharing, tiered, compressed oops, compressed class ptrs, g1 gc, windows-amd64)
GC Precious Log:
 CPUs: 12 total, 12 available
 Memory: 8146M
 Large Page Support: Disabled
 NUMA Support: Disabled
 Compressed Oops: Enabled (32-bit)
 Heap Region Size: 1M
 Heap Min Capacity: 256M
 Heap Initial Capacity: 256M
 Heap Max Capacity: 512M
 Pre-touch: Disabled
 Parallel Workers: 10
 Concurrent Workers: 3
 Concurrent Refinement Workers: 10
 Periodic GC: Disabled
Heap:
 garbage-first heap   total 262144K, used 114629K [0x00000000e0000000, 0x0000000100000000)
  region size 1024K, 60 young (61440K), 17 survivors (17408K)
 Metaspace       used 56439K, committed 57152K, reserved 270336K
  class space    used 7847K, committed 8128K, reserved 212992K
GC Heap History (20 events):
Event: 0.997 GC heap before
{Heap before GC invocations=0 (full 0):
 garbage-first heap   total 262144K, used 28672K [0x00000000e0000000, 0x0000000100000000)
  region size 1024K, 23 young (23552K), 0 survivors (0K)
 Metaspace       used 2961K, committed 3136K, reserved 221184K
  class space    used 380K, committed 448K, reserved 212992K
}
Event: 1.003 GC heap after
{Heap after GC invocations=1 (full 0):
 garbage-first heap   total 262144K, used 9616K [0x00000000e0000000, 0x0000000100000000)
  region size 1024K, 3 young (3072K), 3 survivors (3072K)
 Metaspace       used 2961K, committed 3136K, reserved 221184K
  class space    used 380K, committed 448K, reserved 212992K
}
Event: 1.436 GC heap before
{Heap before GC invocations=1 (full 0):
 garbage-first heap   total 262144K, used 39312K [0x00000000e0000000, 0x0000000100000000)
  region size 1024K, 31 young (31744K), 3 survivors (3072K)
 Metaspace       used 3867K, committed 4032K, reserved 221184K
  class space    used 474K, committed 576K, reserved 212992K
}
Event: 1.439 GC heap after
{Heap after GC invocations=2 (full 0):
 garbage-first heap   total 262144K, used 12385K [0x00000000e0000000, 0x0000000100000000)
  region size 1024K, 2 young (2048K), 2 survivors (2048K)
 Metaspace       used 3867K, committed 4032K, reserved 221184K
  class space    used 474K, committed 576K, reserved 212992K
}
Event: 3.932 GC heap before
{Heap before GC invocations=2 (full 0):
 garbage-first heap   total 262144K, used 120929K [0x00000000e0000000, 0x0000000100000000)
  region size 1024K, 110 young (112640K), 2 survivors (2048K)
 Metaspace       used 21235K, committed 21504K, reserved 237568K
  class space    used 3186K, committed 3328K, reserved 212992K
}
Event: 3.943 GC heap after
{Heap after GC invocations=3 (full 0):
 garbage-first heap   total 262144K, used 21221K [0x00000000e0000000, 0x0000000100000000)
  region size 1024K, 12 young (12288K), 12 survivors (12288K)
 Metaspace       used 21235K, committed 21504K, reserved 237568K
  class space    used 3186K, committed 3328K, reserved 212992K
}
Event: 6.808 GC heap before
{Heap before GC invocations=4 (full 0):
 garbage-first heap   total 262144K, used 129765K [0x00000000e0000000, 0x0000000100000000)
  region size 1024K, 116 young (118784K), 12 survivors (12288K)
 Metaspace       used 35597K, committed 35968K, reserved 245760K
  class space    used 4936K, committed 5120K, reserved 212992K
}
Event: 6.824 GC heap after
{Heap after GC invocations=5 (full 0):
 garbage-first heap   total 262144K, used 31163K [0x00000000e0000000, 0x0000000100000000)
  region size 1024K, 20 young (20480K), 20 survivors (20480K)
 Metaspace       used 35597K, committed 35968K, reserved 245760K
  class space    used 4936K, committed 5120K, reserved 212992K
}
Event: 6.868 GC heap before
{Heap before GC invocations=5 (full 0):
 garbage-first heap   total 262144K, used 31163K [0x00000000e0000000, 0x0000000100000000)
  region size 1024K, 21 young (21504K), 20 survivors (20480K)
 Metaspace       used 35714K, committed 36160K, reserved 245760K
  class space    used 4953K, committed 5184K, reserved 212992K
}
Event: 6.879 GC heap after
{Heap after GC invocations=6 (full 0):
 garbage-first heap   total 262144K, used 32012K [0x00000000e0000000, 0x0000000100000000)
  region size 1024K, 3 young (3072K), 3 survivors (3072K)
 Metaspace       used 35714K, committed 36160K, reserved 245760K
  class space    used 4953K, committed 5184K, reserved 212992K
}
Event: 6.910 GC heap before
{Heap before GC invocations=6 (full 0):
 garbage-first heap   total 262144K, used 34060K [0x00000000e0000000, 0x0000000100000000)
  region size 1024K, 6 young (6144K), 3 survivors (3072K)
 Metaspace       used 35873K, committed 36288K, reserved 245760K
  class space    used 4974K, committed 5184K, reserved 212992K
}
Event: 6.911 GC heap after
{Heap after GC invocations=7 (full 0):
 garbage-first heap   total 262144K, used 30125K [0x00000000e0000000, 0x0000000100000000)
  region size 1024K, 1 young (1024K), 1 survivors (1024K)
 Metaspace       used 35873K, committed 36288K, reserved 245760K
  class space    used 4974K, committed 5184K, reserved 212992K
}
Event: 9.186 GC heap before
{Heap before GC invocations=8 (full 0):
 garbage-first heap   total 262144K, used 185773K [0x00000000e0000000, 0x0000000100000000)
  region size 1024K, 153 young (156672K), 1 survivors (1024K)
 Metaspace       used 47389K, committed 48064K, reserved 262144K
  class space    used 6689K, committed 6976K, reserved 212992K
}
Event: 9.198 GC heap after
{Heap after GC invocations=9 (full 0):
 garbage-first heap   total 262144K, used 43528K [0x00000000e0000000, 0x0000000100000000)
  region size 1024K, 14 young (14336K), 14 survivors (14336K)
 Metaspace       used 47389K, committed 48064K, reserved 262144K
  class space    used 6689K, committed 6976K, reserved 212992K
}
Event: 11.982 GC heap before
{Heap before GC invocations=9 (full 0):
 garbage-first heap   total 262144K, used 184840K [0x00000000e0000000, 0x0000000100000000)
  region size 1024K, 153 young (156672K), 14 survivors (14336K)
 Metaspace       used 51802K, committed 52480K, reserved 262144K
  class space    used 7246K, committed 7552K, reserved 212992K
}
Event: 11.999 GC heap after
{Heap after GC invocations=10 (full 0):
 garbage-first heap   total 262144K, used 54777K [0x00000000e0000000, 0x0000000100000000)
  region size 1024K, 12 young (12288K), 12 survivors (12288K)
 Metaspace       used 51802K, committed 52480K, reserved 262144K
  class space    used 7246K, committed 7552K, reserved 212992K
}
Event: 12.581 GC heap before
{Heap before GC invocations=10 (full 0):
 garbage-first heap   total 262144K, used 195065K [0x00000000e0000000, 0x0000000100000000)
  region size 1024K, 149 young (152576K), 12 survivors (12288K)
 Metaspace       used 52213K, committed 52864K, reserved 262144K
  class space    used 7260K, committed 7552K, reserved 212992K
}
Event: 12.592 GC heap after
{Heap after GC invocations=11 (full 0):
 garbage-first heap   total 262144K, used 62818K [0x00000000e0000000, 0x0000000100000000)
  region size 1024K, 9 young (9216K), 9 survivors (9216K)
 Metaspace       used 52213K, committed 52864K, reserved 262144K
  class space    used 7260K, committed 7552K, reserved 212992K
}
Event: 13.027 GC heap before
{Heap before GC invocations=11 (full 0):
 garbage-first heap   total 262144K, used 201058K [0x00000000e0000000, 0x0000000100000000)
  region size 1024K, 144 young (147456K), 9 survivors (9216K)
 Metaspace       used 52415K, committed 53120K, reserved 262144K
  class space    used 7261K, committed 7552K, reserved 212992K
}
Event: 13.036 GC heap after
{Heap after GC invocations=12 (full 0):
 garbage-first heap   total 262144K, used 71621K [0x00000000e0000000, 0x0000000100000000)
  region size 1024K, 17 young (17408K), 17 survivors (17408K)
 Metaspace       used 52415K, committed 53120K, reserved 262144K
  class space    used 7261K, committed 7552K, reserved 212992K
}

