# JRE version: OpenJDK Runtime Environment (17.0+35) (build 17+35-2724)
# Java VM: OpenJDK 64-Bit Server VM (17+35-2724, mixed mode, sharing, tiered, compressed oops, compressed class ptrs, g1 gc, windows-amd64)
GC Precious Log:
 CPUs: 12 total, 12 available
 Memory: 8146M
 Large Page Support: Disabled
 NUMA Support: Disabled
 Compressed Oops: Enabled (32-bit)
 Heap Region Size: 1M
 Heap Min Capacity: 256M
 Heap Initial Capacity: 256M
 Heap Max Capacity: 512M
 Pre-touch: Disabled
 Parallel Workers: 10
 Concurrent Workers: 3
 Concurrent Refinement Workers: 10
 Periodic GC: Disabled
Heap:
 garbage-first heap   total 262144K, used 177027K [0x00000000e0000000, 0x0000000100000000)
  region size 1024K, 57 young (58368K), 14 survivors (14336K)
 Metaspace       used 66743K, committed 67648K, reserved 278528K
  class space    used 8920K, committed 9344K, reserved 212992K
GC Heap History (20 events):
Event: 247.835 GC heap before
{Heap before GC invocations=25 (full 0):
 garbage-first heap   total 262144K, used 216209K [0x00000000e0000000, 0x0000000100000000)
  region size 1024K, 106 young (108544K), 10 survivors (10240K)
 Metaspace       used 56416K, committed 57280K, reserved 270336K
  class space    used 7635K, committed 8064K, reserved 212992K
}
Event: 247.846 GC heap after
{Heap after GC invocations=26 (full 0):
 garbage-first heap   total 262144K, used 128867K [0x00000000e0000000, 0x0000000100000000)
  region size 1024K, 14 young (14336K), 14 survivors (14336K)
 Metaspace       used 56416K, committed 57280K, reserved 270336K
  class space    used 7635K, committed 8064K, reserved 212992K
}
Event: 248.067 GC heap before
{Heap before GC invocations=26 (full 0):
 garbage-first heap   total 262144K, used 216931K [0x00000000e0000000, 0x0000000100000000)
  region size 1024K, 100 young (102400K), 14 survivors (14336K)
 Metaspace       used 56422K, committed 57280K, reserved 270336K
  class space    used 7635K, committed 8064K, reserved 212992K
}
Event: 248.077 GC heap after
{Heap after GC invocations=27 (full 0):
 garbage-first heap   total 262144K, used 135327K [0x00000000e0000000, 0x0000000100000000)
  region size 1024K, 7 young (7168K), 7 survivors (7168K)
 Metaspace       used 56422K, committed 57280K, reserved 270336K
  class space    used 7635K, committed 8064K, reserved 212992K
}
Event: 248.265 GC heap before
{Heap before GC invocations=27 (full 0):
 garbage-first heap   total 262144K, used 218271K [0x00000000e0000000, 0x0000000100000000)
  region size 1024K, 88 young (90112K), 7 survivors (7168K)
 Metaspace       used 56433K, committed 57280K, reserved 270336K
  class space    used 7635K, committed 8064K, reserved 212992K
}
Event: 248.271 GC heap after
{Heap after GC invocations=28 (full 0):
 garbage-first heap   total 262144K, used 139209K [0x00000000e0000000, 0x0000000100000000)
  region size 1024K, 11 young (11264K), 11 survivors (11264K)
 Metaspace       used 56433K, committed 57280K, reserved 270336K
  class space    used 7635K, committed 8064K, reserved 212992K
}
Event: 248.456 GC heap before
{Heap before GC invocations=29 (full 0):
 garbage-first heap   total 262144K, used 184265K [0x00000000e0000000, 0x0000000100000000)
  region size 1024K, 89 young (91136K), 11 survivors (11264K)
 Metaspace       used 56434K, committed 57280K, reserved 270336K
  class space    used 7635K, committed 8064K, reserved 212992K
}
Event: 248.462 GC heap after
{Heap after GC invocations=30 (full 0):
 garbage-first heap   total 262144K, used 108237K [0x00000000e0000000, 0x0000000100000000)
  region size 1024K, 9 young (9216K), 9 survivors (9216K)
 Metaspace       used 56434K, committed 57280K, reserved 270336K
  class space    used 7635K, committed 8064K, reserved 212992K
}
Event: 248.465 GC heap before
{Heap before GC invocations=30 (full 0):
 garbage-first heap   total 262144K, used 111309K [0x00000000e0000000, 0x0000000100000000)
  region size 1024K, 12 young (12288K), 9 survivors (9216K)
 Metaspace       used 56434K, committed 57280K, reserved 270336K
  class space    used 7635K, committed 8064K, reserved 212992K
}
Event: 248.470 GC heap after
{Heap after GC invocations=31 (full 0):
 garbage-first heap   total 262144K, used 92724K [0x00000000e0000000, 0x0000000100000000)
  region size 1024K, 1 young (1024K), 1 survivors (1024K)
 Metaspace       used 56434K, committed 57280K, reserved 270336K
  class space    used 7635K, committed 8064K, reserved 212992K
}
Event: 307.352 GC heap before
{Heap before GC invocations=31 (full 0):
 garbage-first heap   total 262144K, used 209460K [0x00000000e0000000, 0x0000000100000000)
  region size 1024K, 116 young (118784K), 1 survivors (1024K)
 Metaspace       used 56693K, committed 57536K, reserved 270336K
  class space    used 7657K, committed 8064K, reserved 212992K
}
Event: 307.358 GC heap after
{Heap after GC invocations=32 (full 0):
 garbage-first heap   total 262144K, used 99221K [0x00000000e0000000, 0x0000000100000000)
  region size 1024K, 8 young (8192K), 8 survivors (8192K)
 Metaspace       used 56693K, committed 57536K, reserved 270336K
  class space    used 7657K, committed 8064K, reserved 212992K
}
Event: 307.766 GC heap before
{Heap before GC invocations=32 (full 0):
 garbage-first heap   total 262144K, used 210837K [0x00000000e0000000, 0x0000000100000000)
  region size 1024K, 117 young (119808K), 8 survivors (8192K)
 Metaspace       used 56696K, committed 57600K, reserved 270336K
  class space    used 7657K, committed 8064K, reserved 212992K
}
Event: 307.777 GC heap after
{Heap after GC invocations=33 (full 0):
 garbage-first heap   total 262144K, used 107465K [0x00000000e0000000, 0x0000000100000000)
  region size 1024K, 15 young (15360K), 15 survivors (15360K)
 Metaspace       used 56696K, committed 57600K, reserved 270336K
  class space    used 7657K, committed 8064K, reserved 212992K
}
Event: 308.056 GC heap before
{Heap before GC invocations=33 (full 0):
 garbage-first heap   total 262144K, used 212937K [0x00000000e0000000, 0x0000000100000000)
  region size 1024K, 118 young (120832K), 15 survivors (15360K)
 Metaspace       used 56700K, committed 57600K, reserved 270336K
  class space    used 7658K, committed 8064K, reserved 212992K
}
Event: 308.067 GC heap after
{Heap after GC invocations=34 (full 0):
 garbage-first heap   total 262144K, used 114098K [0x00000000e0000000, 0x0000000100000000)
  region size 1024K, 7 young (7168K), 7 survivors (7168K)
 Metaspace       used 56700K, committed 57600K, reserved 270336K
  class space    used 7658K, committed 8064K, reserved 212992K
}
Event: 308.275 GC heap before
{Heap before GC invocations=34 (full 0):
 garbage-first heap   total 262144K, used 213426K [0x00000000e0000000, 0x0000000100000000)
  region size 1024K, 105 young (107520K), 7 survivors (7168K)
 Metaspace       used 56708K, committed 57600K, reserved 270336K
  class space    used 7658K, committed 8064K, reserved 212992K
}
Event: 308.281 GC heap after
{Heap after GC invocations=35 (full 0):
 garbage-first heap   total 262144K, used 118263K [0x00000000e0000000, 0x0000000100000000)
  region size 1024K, 11 young (11264K), 11 survivors (11264K)
 Metaspace       used 56708K, committed 57600K, reserved 270336K
  class space    used 7658K, committed 8064K, reserved 212992K
}
Event: 309.913 GC heap before
{Heap before GC invocations=35 (full 0):
 garbage-first heap   total 262144K, used 216567K [0x00000000e0000000, 0x0000000100000000)
  region size 1024K, 107 young (109568K), 11 survivors (11264K)
 Metaspace       used 64698K, committed 65664K, reserved 270336K
  class space    used 8651K, committed 9088K, reserved 212992K
}
Event: 309.926 GC heap after
{Heap after GC invocations=36 (full 0):
 garbage-first heap   total 262144K, used 135043K [0x00000000e0000000, 0x0000000100000000)
  region size 1024K, 14 young (14336K), 14 survivors (14336K)
 Metaspace       used 64698K, committed 65664K, reserved 270336K
  class space    used 8651K, committed 9088K, reserved 212992K
}

