# JRE version: OpenJDK Runtime Environment (17.0+35) (build 17+35-2724)
# Java VM: OpenJDK 64-Bit Server VM (17+35-2724, mixed mode, sharing, tiered, compressed oops, compressed class ptrs, g1 gc, windows-amd64)
GC Precious Log:
 CPUs: 12 total, 12 available
 Memory: 8146M
 Large Page Support: Disabled
 NUMA Support: Disabled
 Compressed Oops: Enabled (32-bit)
 Heap Region Size: 1M
 Heap Min Capacity: 256M
 Heap Initial Capacity: 256M
 Heap Max Capacity: 512M
 Pre-touch: Disabled
 Parallel Workers: 10
 Concurrent Workers: 3
 Concurrent Refinement Workers: 10
 Periodic GC: Disabled
Heap:
 garbage-first heap   total 411648K, used 291212K [0x00000000e0000000, 0x0000000100000000)
  region size 1024K, 21 young (21504K), 10 survivors (10240K)
 Metaspace       used 73126K, committed 74304K, reserved 278528K
  class space    used 9709K, committed 10240K, reserved 212992K
GC Heap History (20 events):
Event: 18.504 GC heap before
{Heap before GC invocations=41 (full 0):
 garbage-first heap   total 411648K, used 351926K [0x00000000e0000000, 0x0000000100000000)
  region size 1024K, 104 young (106496K), 10 survivors (10240K)
 Metaspace       used 65119K, committed 66048K, reserved 270336K
  class space    used 8710K, committed 9152K, reserved 212992K
}
Event: 18.509 GC heap after
{Heap after GC invocations=42 (full 0):
 garbage-first heap   total 411648K, used 252181K [0x00000000e0000000, 0x0000000100000000)
  region size 1024K, 4 young (4096K), 4 survivors (4096K)
 Metaspace       used 65119K, committed 66048K, reserved 270336K
  class space    used 8710K, committed 9152K, reserved 212992K
}
Event: 19.110 GC heap before
{Heap before GC invocations=42 (full 0):
 garbage-first heap   total 411648K, used 350485K [0x00000000e0000000, 0x0000000100000000)
  region size 1024K, 101 young (103424K), 4 survivors (4096K)
 Metaspace       used 65142K, committed 66112K, reserved 270336K
  class space    used 8710K, committed 9152K, reserved 212992K
}
Event: 19.116 GC heap after
{Heap after GC invocations=43 (full 0):
 garbage-first heap   total 411648K, used 254941K [0x00000000e0000000, 0x0000000100000000)
  region size 1024K, 6 young (6144K), 6 survivors (6144K)
 Metaspace       used 65142K, committed 66112K, reserved 270336K
  class space    used 8710K, committed 9152K, reserved 212992K
}
Event: 19.483 GC heap before
{Heap before GC invocations=43 (full 0):
 garbage-first heap   total 411648K, used 353245K [0x00000000e0000000, 0x0000000100000000)
  region size 1024K, 102 young (104448K), 6 survivors (6144K)
 Metaspace       used 65150K, committed 66112K, reserved 270336K
  class space    used 8710K, committed 9152K, reserved 212992K
}
Event: 19.490 GC heap after
{Heap after GC invocations=44 (full 0):
 garbage-first heap   total 411648K, used 258968K [0x00000000e0000000, 0x0000000100000000)
  region size 1024K, 10 young (10240K), 10 survivors (10240K)
 Metaspace       used 65150K, committed 66112K, reserved 270336K
  class space    used 8710K, committed 9152K, reserved 212992K
}
Event: 19.746 GC heap before
{Heap before GC invocations=44 (full 0):
 garbage-first heap   total 411648K, used 354200K [0x00000000e0000000, 0x0000000100000000)
  region size 1024K, 103 young (105472K), 10 survivors (10240K)
 Metaspace       used 65165K, committed 66112K, reserved 270336K
  class space    used 8711K, committed 9152K, reserved 212992K
}
Event: 19.750 GC heap after
{Heap after GC invocations=45 (full 0):
 garbage-first heap   total 411648K, used 254843K [0x00000000e0000000, 0x0000000100000000)
  region size 1024K, 3 young (3072K), 3 survivors (3072K)
 Metaspace       used 65165K, committed 66112K, reserved 270336K
  class space    used 8711K, committed 9152K, reserved 212992K
}
Event: 20.332 GC heap before
{Heap before GC invocations=45 (full 0):
 garbage-first heap   total 411648K, used 354171K [0x00000000e0000000, 0x0000000100000000)
  region size 1024K, 100 young (102400K), 3 survivors (3072K)
 Metaspace       used 65229K, committed 66176K, reserved 270336K
  class space    used 8714K, committed 9152K, reserved 212992K
}
Event: 20.339 GC heap after
{Heap after GC invocations=46 (full 0):
 garbage-first heap   total 411648K, used 259259K [0x00000000e0000000, 0x0000000100000000)
  region size 1024K, 8 young (8192K), 8 survivors (8192K)
 Metaspace       used 65229K, committed 66176K, reserved 270336K
  class space    used 8714K, committed 9152K, reserved 212992K
}
Event: 20.617 GC heap before
{Heap before GC invocations=46 (full 0):
 garbage-first heap   total 411648K, used 353467K [0x00000000e0000000, 0x0000000100000000)
  region size 1024K, 100 young (102400K), 8 survivors (8192K)
 Metaspace       used 65251K, committed 66176K, reserved 270336K
  class space    used 8715K, committed 9152K, reserved 212992K
}
Event: 20.625 GC heap after
{Heap after GC invocations=47 (full 0):
 garbage-first heap   total 411648K, used 263990K [0x00000000e0000000, 0x0000000100000000)
  region size 1024K, 10 young (10240K), 10 survivors (10240K)
 Metaspace       used 65251K, committed 66176K, reserved 270336K
  class space    used 8715K, committed 9152K, reserved 212992K
}
Event: 20.927 GC heap before
{Heap before GC invocations=47 (full 0):
 garbage-first heap   total 411648K, used 354102K [0x00000000e0000000, 0x0000000100000000)
  region size 1024K, 99 young (101376K), 10 survivors (10240K)
 Metaspace       used 65446K, committed 66368K, reserved 270336K
  class space    used 8753K, committed 9152K, reserved 212992K
}
Event: 20.931 GC heap after
{Heap after GC invocations=48 (full 0):
 garbage-first heap   total 411648K, used 261500K [0x00000000e0000000, 0x0000000100000000)
  region size 1024K, 5 young (5120K), 5 survivors (5120K)
 Metaspace       used 65446K, committed 66368K, reserved 270336K
  class space    used 8753K, committed 9152K, reserved 212992K
}
Event: 21.670 GC heap before
{Heap before GC invocations=48 (full 0):
 garbage-first heap   total 411648K, used 353660K [0x00000000e0000000, 0x0000000100000000)
  region size 1024K, 95 young (97280K), 5 survivors (5120K)
 Metaspace       used 67337K, committed 68288K, reserved 278528K
  class space    used 9023K, committed 9472K, reserved 212992K
}
Event: 21.682 GC heap after
{Heap after GC invocations=49 (full 0):
 garbage-first heap   total 411648K, used 272852K [0x00000000e0000000, 0x0000000100000000)
  region size 1024K, 12 young (12288K), 12 survivors (12288K)
 Metaspace       used 67337K, committed 68288K, reserved 278528K
  class space    used 9023K, committed 9472K, reserved 212992K
}
Event: 22.130 GC heap before
{Heap before GC invocations=49 (full 0):
 garbage-first heap   total 411648K, used 351700K [0x00000000e0000000, 0x0000000100000000)
  region size 1024K, 88 young (90112K), 12 survivors (12288K)
 Metaspace       used 69382K, committed 70336K, reserved 278528K
  class space    used 9292K, committed 9728K, reserved 212992K
}
Event: 22.140 GC heap after
{Heap after GC invocations=50 (full 0):
 garbage-first heap   total 411648K, used 279068K [0x00000000e0000000, 0x0000000100000000)
  region size 1024K, 5 young (5120K), 5 survivors (5120K)
 Metaspace       used 69382K, committed 70336K, reserved 278528K
  class space    used 9292K, committed 9728K, reserved 212992K
}
Event: 30.771 GC heap before
{Heap before GC invocations=50 (full 0):
 garbage-first heap   total 411648K, used 355868K [0x00000000e0000000, 0x0000000100000000)
  region size 1024K, 77 young (78848K), 5 survivors (5120K)
 Metaspace       used 73124K, committed 74304K, reserved 278528K
  class space    used 9709K, committed 10240K, reserved 212992K
}
Event: 30.780 GC heap after
{Heap after GC invocations=51 (full 0):
 garbage-first heap   total 411648K, used 287116K [0x00000000e0000000, 0x0000000100000000)
  region size 1024K, 10 young (10240K), 10 survivors (10240K)
 Metaspace       used 73124K, committed 74304K, reserved 278528K
  class space    used 9709K, committed 10240K, reserved 212992K
}

