# JRE version: OpenJDK Runtime Environment (17.0+35) (build 17+35-2724)
# Java VM: OpenJDK 64-Bit Server VM (17+35-2724, mixed mode, sharing, tiered, compressed oops, compressed class ptrs, g1 gc, windows-amd64)
GC Precious Log:
 CPUs: 12 total, 12 available
 Memory: 8146M
 Large Page Support: Disabled
 NUMA Support: Disabled
 Compressed Oops: Enabled (32-bit)
 Heap Region Size: 1M
 Heap Min Capacity: 256M
 Heap Initial Capacity: 256M
 Heap Max Capacity: 512M
 Pre-touch: Disabled
 Parallel Workers: 10
 Concurrent Workers: 3
 Concurrent Refinement Workers: 10
 Periodic GC: Disabled
Heap:
 garbage-first heap   total 262144K, used 153418K [0x00000000e0000000, 0x0000000100000000)
  region size 1024K, 111 young (113664K), 11 survivors (11264K)
 Metaspace       used 52449K, committed 53120K, reserved 262144K
  class space    used 7310K, committed 7616K, reserved 212992K
GC Heap History (12 events):
Event: 0.561 GC heap before
{Heap before GC invocations=0 (full 0):
 garbage-first heap   total 262144K, used 28672K [0x00000000e0000000, 0x0000000100000000)
  region size 1024K, 23 young (23552K), 0 survivors (0K)
 Metaspace       used 2957K, committed 3136K, reserved 221184K
  class space    used 380K, committed 448K, reserved 212992K
}
Event: 0.565 GC heap after
{Heap after GC invocations=1 (full 0):
 garbage-first heap   total 262144K, used 9163K [0x00000000e0000000, 0x0000000100000000)
  region size 1024K, 3 young (3072K), 3 survivors (3072K)
 Metaspace       used 2957K, committed 3136K, reserved 221184K
  class space    used 380K, committed 448K, reserved 212992K
}
Event: 0.941 GC heap before
{Heap before GC invocations=1 (full 0):
 garbage-first heap   total 262144K, used 38859K [0x00000000e0000000, 0x0000000100000000)
  region size 1024K, 31 young (31744K), 3 survivors (3072K)
 Metaspace       used 3853K, committed 4032K, reserved 221184K
  class space    used 475K, committed 576K, reserved 212992K
}
Event: 0.945 GC heap after
{Heap after GC invocations=2 (full 0):
 garbage-first heap   total 262144K, used 12170K [0x00000000e0000000, 0x0000000100000000)
  region size 1024K, 2 young (2048K), 2 survivors (2048K)
 Metaspace       used 3853K, committed 4032K, reserved 221184K
  class space    used 475K, committed 576K, reserved 212992K
}
Event: 2.567 GC heap before
{Heap before GC invocations=2 (full 0):
 garbage-first heap   total 262144K, used 121738K [0x00000000e0000000, 0x0000000100000000)
  region size 1024K, 111 young (113664K), 2 survivors (2048K)
 Metaspace       used 21215K, committed 21504K, reserved 237568K
  class space    used 3184K, committed 3328K, reserved 212992K
}
Event: 2.576 GC heap after
{Heap after GC invocations=3 (full 0):
 garbage-first heap   total 262144K, used 20739K [0x00000000e0000000, 0x0000000100000000)
  region size 1024K, 12 young (12288K), 12 survivors (12288K)
 Metaspace       used 21215K, committed 21504K, reserved 237568K
  class space    used 3184K, committed 3328K, reserved 212992K
}
Event: 3.929 GC heap before
{Heap before GC invocations=4 (full 0):
 garbage-first heap   total 262144K, used 127235K [0x00000000e0000000, 0x0000000100000000)
  region size 1024K, 114 young (116736K), 12 survivors (12288K)
 Metaspace       used 35571K, committed 35968K, reserved 245760K
  class space    used 4921K, committed 5120K, reserved 212992K
}
Event: 3.944 GC heap after
{Heap after GC invocations=5 (full 0):
 garbage-first heap   total 262144K, used 30396K [0x00000000e0000000, 0x0000000100000000)
  region size 1024K, 19 young (19456K), 19 survivors (19456K)
 Metaspace       used 35571K, committed 35968K, reserved 245760K
  class space    used 4921K, committed 5120K, reserved 212992K
}
Event: 5.740 GC heap before
{Heap before GC invocations=6 (full 0):
 garbage-first heap   total 262144K, used 167612K [0x00000000e0000000, 0x0000000100000000)
  region size 1024K, 153 young (156672K), 19 survivors (19456K)
 Metaspace       used 46060K, committed 46720K, reserved 253952K
  class space    used 6510K, committed 6848K, reserved 212992K
}
Event: 5.763 GC heap after
{Heap after GC invocations=7 (full 0):
 garbage-first heap   total 262144K, used 41388K [0x00000000e0000000, 0x0000000100000000)
  region size 1024K, 20 young (20480K), 20 survivors (20480K)
 Metaspace       used 46060K, committed 46720K, reserved 253952K
  class space    used 6510K, committed 6848K, reserved 212992K
}
Event: 7.644 GC heap before
{Heap before GC invocations=7 (full 0):
 garbage-first heap   total 262144K, used 176556K [0x00000000e0000000, 0x0000000100000000)
  region size 1024K, 153 young (156672K), 20 survivors (20480K)
 Metaspace       used 51017K, committed 51712K, reserved 262144K
  class space    used 7129K, committed 7424K, reserved 212992K
}
Event: 7.664 GC heap after
{Heap after GC invocations=8 (full 0):
 garbage-first heap   total 262144K, used 52042K [0x00000000e0000000, 0x0000000100000000)
  region size 1024K, 11 young (11264K), 11 survivors (11264K)
 Metaspace       used 51017K, committed 51712K, reserved 262144K
  class space    used 7129K, committed 7424K, reserved 212992K
}

